Using pre-set license
Built from '2020.3/staging' branch; Version is '2020.3.0f1 (c7b5465681fb) revision 13088070'; Using compiler version '192528614'; Build Type 'Release'
OS: 'Windows 10 Home; OS build 19043.1466; Version 2009; 64bit' Language: 'de' Physical Memory: 8108 MB
BatchMode: 1, IsHumanControllingUs: 0, StartBugReporterOnCrash: 0, Is64bit: 1, IsPro: 0

 COMMAND LINE ARGUMENTS:
C:\Program Files\Unity\Hub\Editor\2020.3.0f1\Editor\Unity.exe
-adb2
-batchMode
-noUpm
-name
AssetImportWorker0
-projectPath
C:/Users/akrau/OneDrive/Desktop/Unity/Roll-a-Ball/Roll-a-Ball/Roll_a_Ball_project
-logFile
Logs/AssetImportWorker0.log
-srvPort
63659
Successfully changed project path to: C:/Users/akrau/OneDrive/Desktop/Unity/Roll-a-Ball/Roll-a-Ball/Roll_a_Ball_project
C:/Users/akrau/OneDrive/Desktop/Unity/Roll-a-Ball/Roll-a-Ball/Roll_a_Ball_project
Using Asset Import Pipeline V2.
Refreshing native plugins compatible for Editor in 34.62 ms, found 0 plugins.
Preloading 0 native plugins for Editor in 0.00 ms.
Initialize engine version: 2020.3.0f1 (c7b5465681fb)
[Subsystems] Discovering subsystems at path C:/Program Files/Unity/Hub/Editor/2020.3.0f1/Editor/Data/Resources/UnitySubsystems
[Subsystems] Discovering subsystems at path C:/Users/akrau/OneDrive/Desktop/Unity/Roll-a-Ball/Roll-a-Ball/Roll_a_Ball_project/Assets
GfxDevice: creating device client; threaded=0
Direct3D:
    Version:  Direct3D 11.0 [level 11.1]
    Renderer: Intel(R) UHD Graphics 620 (ID=0x5917)
    Vendor:   
    VRAM:     4054 MB
    Driver:   27.20.100.8681
Initialize mono
Mono path[0] = 'C:/Program Files/Unity/Hub/Editor/2020.3.0f1/Editor/Data/Managed'
Mono path[1] = 'C:/Program Files/Unity/Hub/Editor/2020.3.0f1/Editor/Data/MonoBleedingEdge/lib/mono/unityjit'
Mono config path = 'C:/Program Files/Unity/Hub/Editor/2020.3.0f1/Editor/Data/MonoBleedingEdge/etc'
Using monoOptions --debugger-agent=transport=dt_socket,embedding=1,server=y,suspend=n,address=127.0.0.1:56024
Begin MonoManager ReloadAssembly
Registering precompiled unity dll's ...
Register platform support module: C:/Program Files/Unity/Hub/Editor/2020.3.0f1/Editor/Data/PlaybackEngines/WindowsStandaloneSupport/UnityEditor.WindowsStandalone.Extensions.dll
Registered in 0.003097 seconds.
Native extension for WindowsStandalone target not found
Refreshing native plugins compatible for Editor in 30.48 ms, found 0 plugins.
Preloading 0 native plugins for Editor in 0.00 ms.
Invoked RoslynAnalysisRunner static constructor.
RoslynAnalysisRunner will not be running.
RoslynAnalysisRunner has terminated.
Mono: successfully reloaded assembly
- Completed reload, in  4.292 seconds
Platform modules already initialized, skipping
Registering precompiled user dll's ...
Registered in 0.001064 seconds.
Begin MonoManager ReloadAssembly
Native extension for WindowsStandalone target not found
Refreshing native plugins compatible for Editor in 0.24 ms, found 0 plugins.
Preloading 0 native plugins for Editor in 0.00 ms.
Invoked RoslynAnalysisRunner static constructor.
RoslynAnalysisRunner will not be running.
RoslynAnalysisRunner has terminated.
Mono: successfully reloaded assembly
- Completed reload, in  1.147 seconds
Platform modules already initialized, skipping
========================================================================
Worker process is ready to serve import requests
Launched and connected shader compiler UnityShaderCompiler.exe after 0.08 seconds
Refreshing native plugins compatible for Editor in 0.26 ms, found 0 plugins.
Preloading 0 native plugins for Editor in 0.00 ms.
Unloading 1113 Unused Serialized files (Serialized files now loaded: 0)
System memory in use before: 57.2 MB.
System memory in use after: 57.3 MB.

Unloading 10 unused Assets to reduce memory usage. Loaded Objects now: 1555.
Total: 2.507600 ms (FindLiveObjects: 0.190800 ms CreateObjectMapping: 0.058000 ms MarkObjects: 2.144800 ms  DeleteObjects: 0.112300 ms)

========================================================================
Received Import Request.
  path: Assets
  artifactKey: Guid(00000000000000001000000000000000) Importer(815301076,1909f56bfc062723c751e8b465ee728b)
Start importing Assets using Guid(00000000000000001000000000000000) Importer(815301076,1909f56bfc062723c751e8b465ee728b)  -> (artifact id: '42baae205c97e3337697759514652acd') in 0.027220 seconds
  Import took 0.029993 seconds .

========================================================================
Received Import Request.
  Time since last request: 0.004205 seconds.
  path: Assets/Scenes
  artifactKey: Guid(de8b6ee199caaff458ecd044a96f0aad) Importer(815301076,1909f56bfc062723c751e8b465ee728b)
Start importing Assets/Scenes using Guid(de8b6ee199caaff458ecd044a96f0aad) Importer(815301076,1909f56bfc062723c751e8b465ee728b)  -> (artifact id: '52e321026aeeac1c289e1e79e27c1564') in 0.013874 seconds
  Import took 0.016452 seconds .

========================================================================
Received Import Request.
  Time since last request: 0.000404 seconds.
  path: Assets/Scenes/SampleScene.unity
  artifactKey: Guid(9fc0d4010bbf28b4594072e72b8655ab) Importer(815301076,1909f56bfc062723c751e8b465ee728b)
Start importing Assets/Scenes/SampleScene.unity using Guid(9fc0d4010bbf28b4594072e72b8655ab) Importer(815301076,1909f56bfc062723c751e8b465ee728b)  -> (artifact id: '777e927d0b238e2cde0f6869e17df74c') in 0.023015 seconds
  Import took 0.025789 seconds .

========================================================================
Received Import Request.
  Time since last request: 5.217010 seconds.
  path: Assets/Prefabs
  artifactKey: Guid(c5242e845b988b34795212ed997a43d8) Importer(815301076,1909f56bfc062723c751e8b465ee728b)
Start importing Assets/Prefabs using Guid(c5242e845b988b34795212ed997a43d8) Importer(815301076,1909f56bfc062723c751e8b465ee728b)  -> (artifact id: '071c9240276d418ccd3b2b779b0a996c') in 0.015347 seconds
  Import took 0.019305 seconds .

========================================================================
Received Import Request.
  Time since last request: 0.001685 seconds.
  path: Assets/Prefabs
  artifactKey: Guid(c5242e845b988b34795212ed997a43d8) Importer(815301076,1909f56bfc062723c751e8b465ee728b)
Start importing Assets/Prefabs using Guid(c5242e845b988b34795212ed997a43d8) Importer(815301076,1909f56bfc062723c751e8b465ee728b)  -> (artifact id: '071c9240276d418ccd3b2b779b0a996c') in 0.006862 seconds
  Import took 0.011970 seconds .

========================================================================
Received Import Request.
  Time since last request: 6.914605 seconds.
  path: Assets/Materials
  artifactKey: Guid(2fea1fa6164bca746bc729c14224635a) Importer(815301076,1909f56bfc062723c751e8b465ee728b)
Start importing Assets/Materials using Guid(2fea1fa6164bca746bc729c14224635a) Importer(815301076,1909f56bfc062723c751e8b465ee728b)  -> (artifact id: 'bc1c3e8b0b51250d9619cc4d5d9cb4a9') in 0.015550 seconds
  Import took 0.019804 seconds .

========================================================================
Received Import Request.
  Time since last request: 4.879463 seconds.
  path: Assets/Scripts
  artifactKey: Guid(ba1745c3dfdebe44e87a535d578f5caa) Importer(815301076,1909f56bfc062723c751e8b465ee728b)
Start importing Assets/Scripts using Guid(ba1745c3dfdebe44e87a535d578f5caa) Importer(815301076,1909f56bfc062723c751e8b465ee728b)  -> (artifact id: 'ade355143293cf0e0591239de0b5121c') in 0.014057 seconds
  Import took 0.018445 seconds .

========================================================================
Received Import Request.
  Time since last request: 0.002942 seconds.
  path: Assets/Scripts
  artifactKey: Guid(ba1745c3dfdebe44e87a535d578f5caa) Importer(815301076,1909f56bfc062723c751e8b465ee728b)
Start importing Assets/Scripts using Guid(ba1745c3dfdebe44e87a535d578f5caa) Importer(815301076,1909f56bfc062723c751e8b465ee728b)  -> (artifact id: 'ade355143293cf0e0591239de0b5121c') in 0.006112 seconds
  Import took 0.011188 seconds .

========================================================================
Received Prepare
Registering precompiled user dll's ...
Registered in 0.001170 seconds.
Begin MonoManager ReloadAssembly
Native extension for WindowsStandalone target not found
Refreshing native plugins compatible for Editor in 0.26 ms, found 0 plugins.
Preloading 0 native plugins for Editor in 0.00 ms.
Invoked RoslynAnalysisRunner static constructor.
RoslynAnalysisRunner will not be running.
RoslynAnalysisRunner has terminated.
Mono: successfully reloaded assembly
- Completed reload, in  1.112 seconds
Platform modules already initialized, skipping
Refreshing native plugins compatible for Editor in 0.26 ms, found 0 plugins.
Preloading 0 native plugins for Editor in 0.00 ms.
Unloading 1108 Unused Serialized files (Serialized files now loaded: 0)
System memory in use before: 57.2 MB.
System memory in use after: 57.2 MB.

Unloading 5 unused Assets to reduce memory usage. Loaded Objects now: 1558.
Total: 2.664500 ms (FindLiveObjects: 0.280700 ms CreateObjectMapping: 0.090900 ms MarkObjects: 2.199300 ms  DeleteObjects: 0.091100 ms)

========================================================================
Received Import Request.
  Time since last request: 585.779529 seconds.
  path: Assets/Scripts/PlayerController.cs
  artifactKey: Guid(3a00c076ea0020a4d81f592f69a731da) Importer(815301076,1909f56bfc062723c751e8b465ee728b)
Start importing Assets/Scripts/PlayerController.cs using Guid(3a00c076ea0020a4d81f592f69a731da) Importer(815301076,1909f56bfc062723c751e8b465ee728b)  -> (artifact id: '44f10c144dd90878aa8ac1b944c0485d') in 0.091680 seconds
  Import took 0.095175 seconds .

========================================================================
Received Prepare
Registering precompiled user dll's ...
Registered in 0.000980 seconds.
Begin MonoManager ReloadAssembly
Native extension for WindowsStandalone target not found
Refreshing native plugins compatible for Editor in 0.25 ms, found 0 plugins.
Preloading 0 native plugins for Editor in 0.00 ms.
Invoked RoslynAnalysisRunner static constructor.
RoslynAnalysisRunner will not be running.
RoslynAnalysisRunner has terminated.
Mono: successfully reloaded assembly
- Completed reload, in  1.058 seconds
Platform modules already initialized, skipping
Refreshing native plugins compatible for Editor in 0.38 ms, found 0 plugins.
Preloading 0 native plugins for Editor in 0.00 ms.
Unloading 1109 Unused Serialized files (Serialized files now loaded: 0)
System memory in use before: 57.2 MB.
System memory in use after: 57.3 MB.

Unloading 5 unused Assets to reduce memory usage. Loaded Objects now: 1562.
Total: 2.563200 ms (FindLiveObjects: 0.182300 ms CreateObjectMapping: 0.054000 ms MarkObjects: 2.244900 ms  DeleteObjects: 0.079800 ms)

========================================================================
Received Import Request.
  Time since last request: 18.697751 seconds.
  path: Assets/Scripts/CameraController.cs
  artifactKey: Guid(39cc756561a6e264ba58e7031f05baa9) Importer(815301076,1909f56bfc062723c751e8b465ee728b)
Start importing Assets/Scripts/CameraController.cs using Guid(39cc756561a6e264ba58e7031f05baa9) Importer(815301076,1909f56bfc062723c751e8b465ee728b)  -> (artifact id: '9a510d41b11ce29938414a3a76fa1f67') in 0.014036 seconds
  Import took 0.017464 seconds .

========================================================================
Received Prepare
Registering precompiled user dll's ...
Registered in 0.000938 seconds.
Begin MonoManager ReloadAssembly
Native extension for WindowsStandalone target not found
Refreshing native plugins compatible for Editor in 0.25 ms, found 0 plugins.
Preloading 0 native plugins for Editor in 0.00 ms.
Invoked RoslynAnalysisRunner static constructor.
RoslynAnalysisRunner will not be running.
RoslynAnalysisRunner has terminated.
Mono: successfully reloaded assembly
- Completed reload, in  1.052 seconds
Platform modules already initialized, skipping
Refreshing native plugins compatible for Editor in 0.25 ms, found 0 plugins.
Preloading 0 native plugins for Editor in 0.00 ms.
Unloading 1110 Unused Serialized files (Serialized files now loaded: 0)
System memory in use before: 57.2 MB.
System memory in use after: 57.3 MB.

Unloading 5 unused Assets to reduce memory usage. Loaded Objects now: 1566.
Total: 2.405100 ms (FindLiveObjects: 0.187000 ms CreateObjectMapping: 0.051800 ms MarkObjects: 2.094500 ms  DeleteObjects: 0.070400 ms)

========================================================================
Received Prepare
Registering precompiled user dll's ...
Registered in 0.000878 seconds.
Begin MonoManager ReloadAssembly
Native extension for WindowsStandalone target not found
Refreshing native plugins compatible for Editor in 0.74 ms, found 0 plugins.
Preloading 0 native plugins for Editor in 0.00 ms.
Invoked RoslynAnalysisRunner static constructor.
RoslynAnalysisRunner will not be running.
RoslynAnalysisRunner has terminated.
Mono: successfully reloaded assembly
- Completed reload, in  0.943 seconds
Platform modules already initialized, skipping
Refreshing native plugins compatible for Editor in 0.32 ms, found 0 plugins.
Preloading 0 native plugins for Editor in 0.00 ms.
Unloading 1406 Unused Serialized files (Serialized files now loaded: 0)
System memory in use before: 66.9 MB.
System memory in use after: 67.0 MB.

Unloading 3 unused Assets to reduce memory usage. Loaded Objects now: 1862.
Total: 2.376500 ms (FindLiveObjects: 0.332900 ms CreateObjectMapping: 0.115900 ms MarkObjects: 1.844500 ms  DeleteObjects: 0.081800 ms)

AssetImportWorkerClient::OnTransportError - code=2 error=End of file
